0 info it worked if it ends with ok
1 verbose cli [ 'node', '/usr/local/bin/npm', 'publish' ]
2 info using npm@1.4.28
3 info using node@v0.10.32
4 verbose publish [ '.' ]
5 verbose cache add [ '.', null ]
6 verbose cache add name=undefined spec="." args=[".",null]
7 verbose parsed url { protocol: null,
7 verbose parsed url   slashes: null,
7 verbose parsed url   auth: null,
7 verbose parsed url   host: null,
7 verbose parsed url   port: null,
7 verbose parsed url   hostname: null,
7 verbose parsed url   hash: null,
7 verbose parsed url   search: null,
7 verbose parsed url   query: null,
7 verbose parsed url   pathname: '.',
7 verbose parsed url   path: '.',
7 verbose parsed url   href: '.' }
8 silly lockFile 3a52ce78- .
9 verbose lock . /Users/jamesobrien/.npm/3a52ce78-.lock
10 verbose tar pack [ '/Users/jamesobrien/.npm/generator-ng-component-jp/0.0.10/package.tgz',
10 verbose tar pack   '.' ]
11 verbose tarball /Users/jamesobrien/.npm/generator-ng-component-jp/0.0.10/package.tgz
12 verbose folder .
13 info prepublish generator-ng-component-jp@0.0.10
14 silly lockFile 1f1177db-tar tar://.
15 verbose lock tar://. /Users/jamesobrien/.npm/1f1177db-tar.lock
16 silly lockFile 9fe5a88c--component-jp-0-0-10-package-tgz tar:///Users/jamesobrien/.npm/generator-ng-component-jp/0.0.10/package.tgz
17 verbose lock tar:///Users/jamesobrien/.npm/generator-ng-component-jp/0.0.10/package.tgz /Users/jamesobrien/.npm/9fe5a88c--component-jp-0-0-10-package-tgz.lock
18 silly lockFile 1f1177db-tar tar://.
19 silly lockFile 1f1177db-tar tar://.
20 silly lockFile 9fe5a88c--component-jp-0-0-10-package-tgz tar:///Users/jamesobrien/.npm/generator-ng-component-jp/0.0.10/package.tgz
21 silly lockFile 9fe5a88c--component-jp-0-0-10-package-tgz tar:///Users/jamesobrien/.npm/generator-ng-component-jp/0.0.10/package.tgz
22 silly lockFile 1724b3f6-r-ng-component-jp-0-0-10-package /Users/jamesobrien/.npm/generator-ng-component-jp/0.0.10/package
23 verbose lock /Users/jamesobrien/.npm/generator-ng-component-jp/0.0.10/package /Users/jamesobrien/.npm/1724b3f6-r-ng-component-jp-0-0-10-package.lock
24 silly lockFile 1724b3f6-r-ng-component-jp-0-0-10-package /Users/jamesobrien/.npm/generator-ng-component-jp/0.0.10/package
25 silly lockFile 1724b3f6-r-ng-component-jp-0-0-10-package /Users/jamesobrien/.npm/generator-ng-component-jp/0.0.10/package
26 silly lockFile 3a52ce78- .
27 silly lockFile 3a52ce78- .
28 silly publish { name: 'generator-ng-component-jp',
28 silly publish   version: '0.0.10',
28 silly publish   description: 'Yeoman generator',
28 silly publish   license: 'MIT',
28 silly publish   main: 'app/index.js',
28 silly publish   repository:
28 silly publish    { type: 'git',
28 silly publish      url: 'https://github.com/jimobrien/generator-ng-component-jp' },
28 silly publish   author: { name: 'Jim O\'Brien', url: 'https://github.com/jimobrien' },
28 silly publish   engines: { node: '>=0.10.0' },
28 silly publish   scripts: { test: 'mocha' },
28 silly publish   keywords: [ 'yeoman-generator' ],
28 silly publish   dependencies: { 'yeoman-generator': '~0.17.0', chalk: '~0.4.0' },
28 silly publish   devDependencies:
28 silly publish    { chai: '^1.9.1',
28 silly publish      grunt: '^0.4.4',
28 silly publish      'grunt-contrib-jshint': '^0.10.0',
28 silly publish      'grunt-contrib-watch': '^0.6.1',
28 silly publish      'grunt-mocha-test': '^0.10.2',
28 silly publish      'grunt-release': '^0.7.0',
28 silly publish      mocha: '*' },
28 silly publish   peerDependencies: { yo: '>=1.0.0' },
28 silly publish   readme: '# generator-ng-component-jp [![Build Status](https://secure.travis-ci.org/jimobrien/generator-ng-component-jp.png?branch=master)](https://travis-ci.org/DaftMonk/generator-ng-component-jp)\n\n> [Yeoman](http://yeoman.io) generator\n\n\n## Getting Started\n\n### Yeoman Generators\n\nTo install generator-ng-component-jp from npm, run:\n\n```\n$ npm install -g generator-ng-component-jp\n```\n\nFinally, initiate the generator:\n\n```\n$ yo ng-component\n```\n## License\n\nMIT\n',
28 silly publish   readmeFilename: 'README.md',
28 silly publish   gitHead: 'c518e29223b5178b6d68fd6c49dc7d53d685f0be',
28 silly publish   bugs: { url: 'https://github.com/jimobrien/generator-ng-component-jp/issues' },
28 silly publish   homepage: 'https://github.com/jimobrien/generator-ng-component-jp',
28 silly publish   _id: 'generator-ng-component-jp@0.0.10',
28 silly publish   _shasum: '00f6027f65eac78aac535c7cd6c0d21971abea53',
28 silly publish   _from: '.' }
29 error need auth auth and email required for publishing
29 error need auth You need to authorize this machine using `npm adduser`
30 error System Darwin 14.0.0
31 error command "node" "/usr/local/bin/npm" "publish"
32 error cwd /Users/jamesobrien/Google Drive/dev/generators/generator-ng-component-jp
33 error node -v v0.10.32
34 error npm -v 1.4.28
35 error code ENEEDAUTH
36 verbose exit [ 1, true ]
